{
  "RSpec": {
    "coverage": {
      "/Users/hugosykes/Makers/week10/bank/spec/account_spec.rb": [
        1,
        null,
        1,
        null,
        8,
        null,
        1,
        1,
        1,
        null,
        null,
        null,
        1,
        1,
        1,
        null,
        null,
        1,
        4,
        null,
        null,
        1,
        2,
        null,
        null,
        null,
        1,
        1,
        1,
        null,
        null,
        1,
        4,
        null,
        null,
        1,
        2,
        null,
        null,
        null,
        null
      ],
      "/Users/hugosykes/Makers/week10/bank/lib/account.rb": [
        1,
        1,
        null,
        1,
        7,
        null,
        null,
        1,
        2,
        null,
        null,
        1,
        2,
        null,
        null
      ]
    },
    "timestamp": 1511784791
  }
}
