{
  "RSpec": {
    "coverage": {
      "/Users/hugosykes/Makers/week10/bank/spec/account_spec.rb": [
        1,
        null,
        1,
        14,
        null,
        1,
        1,
        1,
        null,
        null,
        null,
        1,
        1,
        1,
        null,
        null,
        1,
        4,
        null,
        null,
        1,
        2,
        null,
        null,
        null,
        null,
        null,
        1,
        1,
        1,
        null,
        null,
        1,
        4,
        null,
        null,
        1,
        2,
        null,
        null,
        null,
        null,
        null,
        1,
        1,
        1,
        null,
        null,
        1,
        1,
        1,
        1,
        null,
        null,
        null,
        null,
        1,
        1,
        1,
        null,
        null,
        1,
        2,
        null,
        null,
        1,
        1,
        1,
        2,
        null,
        null,
        1,
        1,
        2,
        null,
        null,
        null,
        null
      ],
      "/Users/hugosykes/Makers/week10/bank/lib/account.rb": [
        1,
        1,
        1,
        null,
        1,
        13,
        13,
        null,
        null,
        1,
        4,
        3,
        null,
        null,
        1,
        3,
        2,
        null,
        null,
        1,
        3,
        5,
        null,
        null
      ],
      "/Users/hugosykes/Makers/week10/bank/lib/transaction.rb": [
        1,
        1,
        8,
        8,
        8,
        null,
        null,
        1,
        4,
        null,
        null,
        1,
        null,
        1,
        8,
        null,
        null
      ],
      "/Users/hugosykes/Makers/week10/bank/spec/statement_spec.rb": [
        1,
        null,
        1,
        5,
        3,
        2,
        1,
        1,
        null,
        null,
        1,
        1,
        1,
        1,
        null,
        null,
        null,
        1,
        1,
        2,
        null,
        null,
        1,
        1,
        1,
        2,
        null,
        null,
        null
      ],
      "/Users/hugosykes/Makers/week10/bank/lib/statement.rb": [
        1,
        1,
        null,
        1,
        4,
        null,
        null,
        1,
        3,
        null,
        null,
        1,
        2,
        4,
        null,
        null
      ],
      "/Users/hugosykes/Makers/week10/bank/spec/transaction_spec.rb": [
        1,
        null,
        1,
        3,
        null,
        1,
        1,
        1,
        null,
        null,
        1,
        1,
        null,
        null,
        1,
        1,
        1,
        null,
        null,
        null
      ]
    },
    "timestamp": 1511802350
  }
}
